<?xml version="1.0" encoding="UTF-8"?>
<!-- Generated by org.testng.reporters.JUnitReportReporter -->
<testsuite skipped="0" hostname="DESKTOP-PMF4O4O" name="test.day3" tests="1" failures="0" timestamp="13 May 2018 19:47:30 GMT" time="0.003" errors="0">
  <testcase name="LoginAPIcarloan" time="0.003" classname="test.day3"/>
</testsuite> <!-- test.day3 -->
