<?xml version="1.0" encoding="UTF-8"?>
<!-- Generated by org.testng.reporters.JUnitReportReporter -->
<testsuite skipped="0" hostname="DESKTOP-PMF4O4O" name="test.day2" tests="1" failures="0" timestamp="13 May 2018 19:47:30 GMT" time="0.018" errors="0">
  <testcase name="ploan" time="0.018" classname="test.day2"/>
</testsuite> <!-- test.day2 -->
